<?xml version="1.0" encoding="UTF-8"?>
<!-- Generated by org.testng.reporters.JUnitXMLReporter -->
<testsuite hostname="LAPTOP-S3E6FN1T" ignored="0" name="Command line test" tests="2" failures="2" timestamp="04 Dec 2019 21:59:27 GMT" time="6.108" errors="0">
  <testcase name="loginTest" time="3.671" classname="com.testcases.LoginTest">
    <failure type="java.lang.NullPointerException">
      <![CDATA[java.lang.NullPointerException
at com.base.Page.initConfiguration(Page.java:48)
at com.testcases.LoginTest.loginTest(LoginTest.java:20)
... Removed 35 stack frames]]>
    </failure>
  </testcase> <!-- loginTest -->
  <testcase name="signInTest" time="2.404" classname="com.testcases.SignInTest">
    <failure type="java.lang.NullPointerException">
      <![CDATA[java.lang.NullPointerException
at com.base.Page.initConfiguration(Page.java:48)
at com.testcases.SignInTest.signInTest(SignInTest.java:16)
... Removed 35 stack frames]]>
    </failure>
  </testcase> <!-- signInTest -->
</testsuite> <!-- Command line test -->
