<?xml version="1.0" encoding="UTF-8" ?>
<testsuite tests="2" failures="2" name="TestSuite" time="6.08" errors="0" skipped="0">
  <properties>
[...]
</properties>
  <testcase classname="com.testcases.LoginTest" name="loginTest" time="3.681">
    <failure type="java.lang.NullPointerException">java.lang.NullPointerException
	at com.base.Page.initConfiguration(Page.java:48)
	at com.testcases.LoginTest.loginTest(LoginTest.java:20)
</failure>
    <system-out>Configuring TestNG with: org.apache.maven.surefire.testng.conf.TestNG652Configurator@61064425
</system-out>
    <system-err>Starting ChromeDriver 78.0.3904.105 (60e2d8774a8151efa6a00b1f358371b1e0e07ee2-refs/branch-heads/3904@{#877}) on port 40544
Only local connections are allowed.
Please protect ports used by ChromeDriver and related test frameworks to prevent access by malicious code.
Dec 04, 2019 4:59:25 PM org.openqa.selenium.remote.ProtocolHandshake createSession
INFO: Detected dialect: W3C
log4j:WARN No appenders could be found for logger (MLogger).
log4j:WARN Please initialize the log4j system properly.
log4j:WARN See http://logging.apache.org/log4j/1.2/faq.html#noconfig for more info.
</system-err>
  </testcase>
  <testcase classname="com.testcases.SignInTest" name="signInTest" time="2.399">
    <failure type="java.lang.NullPointerException">java.lang.NullPointerException
	at com.base.Page.initConfiguration(Page.java:48)
	at com.testcases.SignInTest.signInTest(SignInTest.java:16)
</failure>
    <system-err>Starting ChromeDriver 78.0.3904.105 (60e2d8774a8151efa6a00b1f358371b1e0e07ee2-refs/branch-heads/3904@{#877}) on port 3660
Only local connections are allowed.
Please protect ports used by ChromeDriver and related test frameworks to prevent access by malicious code.
Dec 04, 2019 4:59:27 PM org.openqa.selenium.remote.ProtocolHandshake createSession
INFO: Detected dialect: W3C
</system-err>
  </testcase>
</testsuite>