<?xml version="1.0" encoding="UTF-8"?>
<testng-results skipped="0" failed="0" ignored="0" total="2" passed="2">
  <reporter-output>
  </reporter-output>
  <suite name="Page Object Model with Page Factory" duration-ms="13260" started-at="2019-11-25T21:23:36Z" finished-at="2019-11-25T21:23:50Z">
    <groups>
    </groups>
    <test name="Sign in Test" duration-ms="6732" started-at="2019-11-25T21:23:36Z" finished-at="2019-11-25T21:23:43Z">
      <class name="com.testcases.SignInTest">
        <test-method status="PASS" signature="signInTest()[pri:0, instance:com.testcases.SignInTest@10d68fcd]" name="signInTest" duration-ms="6371" started-at="2019-11-25T21:23:37Z" finished-at="2019-11-25T21:23:43Z">
          <reporter-output>
          </reporter-output>
        </test-method> <!-- signInTest -->
      </class> <!-- com.testcases.SignInTest -->
    </test> <!-- Sign in Test -->
    <test name="Login Test" duration-ms="6493" started-at="2019-11-25T21:23:43Z" finished-at="2019-11-25T21:23:50Z">
      <class name="com.testcases.LoginTest">
        <test-method status="PASS" signature="loginTest()[pri:0, instance:com.testcases.LoginTest@484970b0]" name="loginTest" duration-ms="6382" started-at="2019-11-25T21:23:43Z" finished-at="2019-11-25T21:23:50Z">
          <reporter-output>
          </reporter-output>
        </test-method> <!-- loginTest -->
      </class> <!-- com.testcases.LoginTest -->
    </test> <!-- Login Test -->
  </suite> <!-- Page Object Model with Page Factory -->
</testng-results>
